  MaterialData.cpp
d:\program\icedogengine\icedogengine\rendering\../Utils/Math/MathDef.h(34): warning C4244: “参数”: 从“double”转换到“float”，可能丢失数据
d:\program\icedogengine\icedogengine\rendering\../Utils/Math/MathDef.h(35): warning C4244: “参数”: 从“double”转换到“float”，可能丢失数据
d:\program\icedogengine\icedogengine\rendering\../Utils/Math/MathDef.h(38): warning C4244: “参数”: 从“double”转换到“float”，可能丢失数据
d:\program\icedogengine\icedogengine\rendering\../Utils/Math/MathDef.h(102): warning C4814: “IceDogUtils::Vector<T,vecSize>::Length”: 在 C++14 中，"constexpr" 将不表示“常量”；请考虑显式指定“常量”
  d:\program\icedogengine\icedogengine\rendering\../Utils/Math/MathDef.h(112): note: 参见对正在编译的类 模板 实例化“IceDogUtils::Vector<T,vecSize>”的引用
d:\program\icedogengine\icedogengine\rendering\PDRenderingDef.h(95): warning C4305: “参数”: 从“double”到“float”截断
d:\program\icedogengine\icedogengine\rendering\PDRenderingDef.h(102): warning C4305: “参数”: 从“double”到“float”截断
d:\program\icedogengine\icedogengine\rendering\PDRenderingDef.h(122): warning C4305: “参数”: 从“double”到“float”截断
d:\program\icedogengine\icedogengine\rendering\PDRenderingDef.h(140): warning C4305: “参数”: 从“double”到“float”截断
d:\program\icedogengine\icedogengine\rendering\PDRenderingDef.h(141): warning C4305: “参数”: 从“double”到“float”截断
d:\program\icedogengine\icedogengine\rendering\PDRenderingDef.h(142): warning C4305: “参数”: 从“double”到“float”截断
d:\program\icedogengine\icedogengine\rendering\PDRenderingDef.h(143): warning C4305: “参数”: 从“double”到“float”截断
Rendering\MaterialData.cpp(36): warning C4244: “=”: 从“int”转换到“float”，可能丢失数据
  PlaneActor.cpp
d:\program\icedogengine\icedogengine\core\../Utils/Math/MathDef.h(34): warning C4244: “参数”: 从“double”转换到“float”，可能丢失数据
d:\program\icedogengine\icedogengine\core\../Utils/Math/MathDef.h(35): warning C4244: “参数”: 从“double”转换到“float”，可能丢失数据
d:\program\icedogengine\icedogengine\core\../Utils/Math/MathDef.h(38): warning C4244: “参数”: 从“double”转换到“float”，可能丢失数据
d:\program\icedogengine\icedogengine\core\../Utils/Math/MathDef.h(102): warning C4814: “IceDogUtils::Vector<T,vecSize>::Length”: 在 C++14 中，"constexpr" 将不表示“常量”；请考虑显式指定“常量”
  d:\program\icedogengine\icedogengine\core\../Utils/Math/MathDef.h(112): note: 参见对正在编译的类 模板 实例化“IceDogUtils::Vector<T,vecSize>”的引用
d:\program\icedogengine\icedogengine\core\../Rendering/PDRenderingDef.h(95): warning C4305: “参数”: 从“double”到“float”截断
d:\program\icedogengine\icedogengine\core\../Rendering/PDRenderingDef.h(102): warning C4305: “参数”: 从“double”到“float”截断
d:\program\icedogengine\icedogengine\core\../Rendering/PDRenderingDef.h(122): warning C4305: “参数”: 从“double”到“float”截断
d:\program\icedogengine\icedogengine\core\../Rendering/PDRenderingDef.h(140): warning C4305: “参数”: 从“double”到“float”截断
d:\program\icedogengine\icedogengine\core\../Rendering/PDRenderingDef.h(141): warning C4305: “参数”: 从“double”到“float”截断
d:\program\icedogengine\icedogengine\core\../Rendering/PDRenderingDef.h(142): warning C4305: “参数”: 从“double”到“float”截断
d:\program\icedogengine\icedogengine\core\../Rendering/PDRenderingDef.h(143): warning C4305: “参数”: 从“double”到“float”截断
d:\program\icedogengine\icedogengine\rendering\LightingGroup.h(35): warning C4814: “IceDogRendering::LightingGroup<perLightCount>::GetPerLightCount”: 在 C++14 中，"constexpr" 将不表示“常量”；请考虑显式指定“常量”
  d:\program\icedogengine\icedogengine\rendering\LightingGroup.h(123): note: 参见对正在编译的类 模板 实例化“IceDogRendering::LightingGroup<perLightCount>”的引用
d:\program\icedogengine\icedogengine\rendering\LightingGroup.h(35): warning C4814: “IceDogRendering::LightingGroup<1>::GetPerLightCount”: 在 C++14 中，"constexpr" 将不表示“常量”；请考虑显式指定“常量”
  d:\program\icedogengine\icedogengine\rendering\RenderingPipe.h(56): note: 参见对正在编译的类 模板 实例化“IceDogRendering::LightingGroup<1>”的引用
d:\program\icedogengine\icedogengine\rendering\RenderingPipe.h(49): warning C4244: “参数”: 从“const float”转换到“int”，可能丢失数据
Source\PlaneActor.cpp(18): warning C4305: “参数”: 从“double”到“float”截断
  DirectXDeferredPipe.cpp
d:\program\icedogengine\icedogengine\rendering\../Utils/Math/MathDef.h(34): warning C4244: “参数”: 从“double”转换到“float”，可能丢失数据
d:\program\icedogengine\icedogengine\rendering\../Utils/Math/MathDef.h(35): warning C4244: “参数”: 从“double”转换到“float”，可能丢失数据
d:\program\icedogengine\icedogengine\rendering\../Utils/Math/MathDef.h(38): warning C4244: “参数”: 从“double”转换到“float”，可能丢失数据
d:\program\icedogengine\icedogengine\rendering\../Utils/Math/MathDef.h(102): warning C4814: “IceDogUtils::Vector<T,vecSize>::Length”: 在 C++14 中，"constexpr" 将不表示“常量”；请考虑显式指定“常量”
  d:\program\icedogengine\icedogengine\rendering\../Utils/Math/MathDef.h(112): note: 参见对正在编译的类 模板 实例化“IceDogUtils::Vector<T,vecSize>”的引用
d:\program\icedogengine\icedogengine\rendering\PDRenderingDef.h(95): warning C4305: “参数”: 从“double”到“float”截断
d:\program\icedogengine\icedogengine\rendering\PDRenderingDef.h(102): warning C4305: “参数”: 从“double”到“float”截断
d:\program\icedogengine\icedogengine\rendering\PDRenderingDef.h(122): warning C4305: “参数”: 从“double”到“float”截断
d:\program\icedogengine\icedogengine\rendering\PDRenderingDef.h(140): warning C4305: “参数”: 从“double”到“float”截断
d:\program\icedogengine\icedogengine\rendering\PDRenderingDef.h(141): warning C4305: “参数”: 从“double”到“float”截断
d:\program\icedogengine\icedogengine\rendering\PDRenderingDef.h(142): warning C4305: “参数”: 从“double”到“float”截断
d:\program\icedogengine\icedogengine\rendering\PDRenderingDef.h(143): warning C4305: “参数”: 从“double”到“float”截断
d:\program\icedogengine\icedogengine\rendering\LightingGroup.h(35): warning C4814: “IceDogRendering::LightingGroup<perLightCount>::GetPerLightCount”: 在 C++14 中，"constexpr" 将不表示“常量”；请考虑显式指定“常量”
  d:\program\icedogengine\icedogengine\rendering\LightingGroup.h(123): note: 参见对正在编译的类 模板 实例化“IceDogRendering::LightingGroup<perLightCount>”的引用
d:\program\icedogengine\icedogengine\rendering\LightingGroup.h(35): warning C4814: “IceDogRendering::LightingGroup<1>::GetPerLightCount”: 在 C++14 中，"constexpr" 将不表示“常量”；请考虑显式指定“常量”
  d:\program\icedogengine\icedogengine\rendering\directx\../RenderingPipe.h(56): note: 参见对正在编译的类 模板 实例化“IceDogRendering::LightingGroup<1>”的引用
d:\program\icedogengine\icedogengine\rendering\directx\../RenderingPipe.h(49): warning C4244: “参数”: 从“const float”转换到“int”，可能丢失数据
Rendering\DirectX\DirectXDeferredPipe.cpp(494): warning C4244: “=”: 从“unsigned int”转换到“FLOAT”，可能丢失数据
Rendering\DirectX\DirectXDeferredPipe.cpp(495): warning C4244: “=”: 从“unsigned int”转换到“FLOAT”，可能丢失数据
  Cha.cpp
d:\program\icedogengine\icedogengine\core\../Utils/Math/MathDef.h(34): warning C4244: “参数”: 从“double”转换到“float”，可能丢失数据
d:\program\icedogengine\icedogengine\core\../Utils/Math/MathDef.h(35): warning C4244: “参数”: 从“double”转换到“float”，可能丢失数据
d:\program\icedogengine\icedogengine\core\../Utils/Math/MathDef.h(38): warning C4244: “参数”: 从“double”转换到“float”，可能丢失数据
d:\program\icedogengine\icedogengine\core\../Utils/Math/MathDef.h(102): warning C4814: “IceDogUtils::Vector<T,vecSize>::Length”: 在 C++14 中，"constexpr" 将不表示“常量”；请考虑显式指定“常量”
  d:\program\icedogengine\icedogengine\core\../Utils/Math/MathDef.h(112): note: 参见对正在编译的类 模板 实例化“IceDogUtils::Vector<T,vecSize>”的引用
d:\program\icedogengine\icedogengine\core\../Rendering/PDRenderingDef.h(95): warning C4305: “参数”: 从“double”到“float”截断
d:\program\icedogengine\icedogengine\core\../Rendering/PDRenderingDef.h(102): warning C4305: “参数”: 从“double”到“float”截断
d:\program\icedogengine\icedogengine\core\../Rendering/PDRenderingDef.h(122): warning C4305: “参数”: 从“double”到“float”截断
d:\program\icedogengine\icedogengine\core\../Rendering/PDRenderingDef.h(140): warning C4305: “参数”: 从“double”到“float”截断
d:\program\icedogengine\icedogengine\core\../Rendering/PDRenderingDef.h(141): warning C4305: “参数”: 从“double”到“float”截断
d:\program\icedogengine\icedogengine\core\../Rendering/PDRenderingDef.h(142): warning C4305: “参数”: 从“double”到“float”截断
d:\program\icedogengine\icedogengine\core\../Rendering/PDRenderingDef.h(143): warning C4305: “参数”: 从“double”到“float”截断
Source\Cha.cpp(35): warning C4244: “参数”: 从“double”转换到“float”，可能丢失数据
  Camera.cpp
d:\program\icedogengine\icedogengine\core\../Utils/Math/MathDef.h(34): warning C4244: “参数”: 从“double”转换到“float”，可能丢失数据
d:\program\icedogengine\icedogengine\core\../Utils/Math/MathDef.h(35): warning C4244: “参数”: 从“double”转换到“float”，可能丢失数据
d:\program\icedogengine\icedogengine\core\../Utils/Math/MathDef.h(38): warning C4244: “参数”: 从“double”转换到“float”，可能丢失数据
d:\program\icedogengine\icedogengine\core\../Utils/Math/MathDef.h(102): warning C4814: “IceDogUtils::Vector<T,vecSize>::Length”: 在 C++14 中，"constexpr" 将不表示“常量”；请考虑显式指定“常量”
  d:\program\icedogengine\icedogengine\core\../Utils/Math/MathDef.h(112): note: 参见对正在编译的类 模板 实例化“IceDogUtils::Vector<T,vecSize>”的引用
d:\program\icedogengine\icedogengine\core\../Rendering/PDRenderingDef.h(95): warning C4305: “参数”: 从“double”到“float”截断
d:\program\icedogengine\icedogengine\core\../Rendering/PDRenderingDef.h(102): warning C4305: “参数”: 从“double”到“float”截断
d:\program\icedogengine\icedogengine\core\../Rendering/PDRenderingDef.h(122): warning C4305: “参数”: 从“double”到“float”截断
d:\program\icedogengine\icedogengine\core\../Rendering/PDRenderingDef.h(140): warning C4305: “参数”: 从“double”到“float”截断
d:\program\icedogengine\icedogengine\core\../Rendering/PDRenderingDef.h(141): warning C4305: “参数”: 从“double”到“float”截断
d:\program\icedogengine\icedogengine\core\../Rendering/PDRenderingDef.h(142): warning C4305: “参数”: 从“double”到“float”截断
d:\program\icedogengine\icedogengine\core\../Rendering/PDRenderingDef.h(143): warning C4305: “参数”: 从“double”到“float”截断
  ActorComponent.cpp
d:\program\icedogengine\icedogengine\rendering\../Utils/Math/MathDef.h(34): warning C4244: “参数”: 从“double”转换到“float”，可能丢失数据
d:\program\icedogengine\icedogengine\rendering\../Utils/Math/MathDef.h(35): warning C4244: “参数”: 从“double”转换到“float”，可能丢失数据
d:\program\icedogengine\icedogengine\rendering\../Utils/Math/MathDef.h(38): warning C4244: “参数”: 从“double”转换到“float”，可能丢失数据
d:\program\icedogengine\icedogengine\rendering\../Utils/Math/MathDef.h(102): warning C4814: “IceDogUtils::Vector<T,vecSize>::Length”: 在 C++14 中，"constexpr" 将不表示“常量”；请考虑显式指定“常量”
  d:\program\icedogengine\icedogengine\rendering\../Utils/Math/MathDef.h(112): note: 参见对正在编译的类 模板 实例化“IceDogUtils::Vector<T,vecSize>”的引用
d:\program\icedogengine\icedogengine\rendering\PDRenderingDef.h(95): warning C4305: “参数”: 从“double”到“float”截断
d:\program\icedogengine\icedogengine\rendering\PDRenderingDef.h(102): warning C4305: “参数”: 从“double”到“float”截断
d:\program\icedogengine\icedogengine\rendering\PDRenderingDef.h(122): warning C4305: “参数”: 从“double”到“float”截断
d:\program\icedogengine\icedogengine\rendering\PDRenderingDef.h(140): warning C4305: “参数”: 从“double”到“float”截断
d:\program\icedogengine\icedogengine\rendering\PDRenderingDef.h(141): warning C4305: “参数”: 从“double”到“float”截断
d:\program\icedogengine\icedogengine\rendering\PDRenderingDef.h(142): warning C4305: “参数”: 从“double”到“float”截断
d:\program\icedogengine\icedogengine\rendering\PDRenderingDef.h(143): warning C4305: “参数”: 从“double”到“float”截断
d:\program\icedogengine\icedogengine\rendering\LightingGroup.h(35): warning C4814: “IceDogRendering::LightingGroup<perLightCount>::GetPerLightCount”: 在 C++14 中，"constexpr" 将不表示“常量”；请考虑显式指定“常量”
  d:\program\icedogengine\icedogengine\rendering\LightingGroup.h(123): note: 参见对正在编译的类 模板 实例化“IceDogRendering::LightingGroup<perLightCount>”的引用
d:\program\icedogengine\icedogengine\rendering\LightingGroup.h(35): warning C4814: “IceDogRendering::LightingGroup<1>::GetPerLightCount”: 在 C++14 中，"constexpr" 将不表示“常量”；请考虑显式指定“常量”
  d:\program\icedogengine\icedogengine\rendering\RenderingPipe.h(56): note: 参见对正在编译的类 模板 实例化“IceDogRendering::LightingGroup<1>”的引用
d:\program\icedogengine\icedogengine\rendering\RenderingPipe.h(49): warning C4244: “参数”: 从“const float”转换到“int”，可能丢失数据
  CameraComponent.cpp
d:\program\icedogengine\icedogengine\core\../Utils/Math/MathDef.h(34): warning C4244: “参数”: 从“double”转换到“float”，可能丢失数据
d:\program\icedogengine\icedogengine\core\../Utils/Math/MathDef.h(35): warning C4244: “参数”: 从“double”转换到“float”，可能丢失数据
d:\program\icedogengine\icedogengine\core\../Utils/Math/MathDef.h(38): warning C4244: “参数”: 从“double”转换到“float”，可能丢失数据
d:\program\icedogengine\icedogengine\core\../Utils/Math/MathDef.h(102): warning C4814: “IceDogUtils::Vector<T,vecSize>::Length”: 在 C++14 中，"constexpr" 将不表示“常量”；请考虑显式指定“常量”
  d:\program\icedogengine\icedogengine\core\../Utils/Math/MathDef.h(112): note: 参见对正在编译的类 模板 实例化“IceDogUtils::Vector<T,vecSize>”的引用
d:\program\icedogengine\icedogengine\core\../Rendering/PDRenderingDef.h(95): warning C4305: “参数”: 从“double”到“float”截断
d:\program\icedogengine\icedogengine\core\../Rendering/PDRenderingDef.h(102): warning C4305: “参数”: 从“double”到“float”截断
d:\program\icedogengine\icedogengine\core\../Rendering/PDRenderingDef.h(122): warning C4305: “参数”: 从“double”到“float”截断
d:\program\icedogengine\icedogengine\core\../Rendering/PDRenderingDef.h(140): warning C4305: “参数”: 从“double”到“float”截断
d:\program\icedogengine\icedogengine\core\../Rendering/PDRenderingDef.h(141): warning C4305: “参数”: 从“double”到“float”截断
d:\program\icedogengine\icedogengine\core\../Rendering/PDRenderingDef.h(142): warning C4305: “参数”: 从“double”到“float”截断
d:\program\icedogengine\icedogengine\core\../Rendering/PDRenderingDef.h(143): warning C4305: “参数”: 从“double”到“float”截断
d:\program\icedogengine\icedogengine\rendering\LightingGroup.h(35): warning C4814: “IceDogRendering::LightingGroup<perLightCount>::GetPerLightCount”: 在 C++14 中，"constexpr" 将不表示“常量”；请考虑显式指定“常量”
  d:\program\icedogengine\icedogengine\rendering\LightingGroup.h(123): note: 参见对正在编译的类 模板 实例化“IceDogRendering::LightingGroup<perLightCount>”的引用
d:\program\icedogengine\icedogengine\rendering\LightingGroup.h(35): warning C4814: “IceDogRendering::LightingGroup<1>::GetPerLightCount”: 在 C++14 中，"constexpr" 将不表示“常量”；请考虑显式指定“常量”
  d:\program\icedogengine\icedogengine\rendering\RenderingPipe.h(56): note: 参见对正在编译的类 模板 实例化“IceDogRendering::LightingGroup<1>”的引用
d:\program\icedogengine\icedogengine\rendering\RenderingPipe.h(49): warning C4244: “参数”: 从“const float”转换到“int”，可能丢失数据
  Component.cpp
d:\program\icedogengine\icedogengine\core\../Utils/Math/MathDef.h(34): warning C4244: “参数”: 从“double”转换到“float”，可能丢失数据
d:\program\icedogengine\icedogengine\core\../Utils/Math/MathDef.h(35): warning C4244: “参数”: 从“double”转换到“float”，可能丢失数据
d:\program\icedogengine\icedogengine\core\../Utils/Math/MathDef.h(38): warning C4244: “参数”: 从“double”转换到“float”，可能丢失数据
d:\program\icedogengine\icedogengine\core\../Utils/Math/MathDef.h(102): warning C4814: “IceDogUtils::Vector<T,vecSize>::Length”: 在 C++14 中，"constexpr" 将不表示“常量”；请考虑显式指定“常量”
  d:\program\icedogengine\icedogengine\core\../Utils/Math/MathDef.h(112): note: 参见对正在编译的类 模板 实例化“IceDogUtils::Vector<T,vecSize>”的引用
d:\program\icedogengine\icedogengine\core\../Rendering/PDRenderingDef.h(95): warning C4305: “参数”: 从“double”到“float”截断
d:\program\icedogengine\icedogengine\core\../Rendering/PDRenderingDef.h(102): warning C4305: “参数”: 从“double”到“float”截断
d:\program\icedogengine\icedogengine\core\../Rendering/PDRenderingDef.h(122): warning C4305: “参数”: 从“double”到“float”截断
d:\program\icedogengine\icedogengine\core\../Rendering/PDRenderingDef.h(140): warning C4305: “参数”: 从“double”到“float”截断
d:\program\icedogengine\icedogengine\core\../Rendering/PDRenderingDef.h(141): warning C4305: “参数”: 从“double”到“float”截断
d:\program\icedogengine\icedogengine\core\../Rendering/PDRenderingDef.h(142): warning C4305: “参数”: 从“double”到“float”截断
d:\program\icedogengine\icedogengine\core\../Rendering/PDRenderingDef.h(143): warning C4305: “参数”: 从“double”到“float”截断
  DynamicMeshComponent.cpp
d:\program\icedogengine\icedogengine\rendering\../Utils/Math/MathDef.h(34): warning C4244: “参数”: 从“double”转换到“float”，可能丢失数据
d:\program\icedogengine\icedogengine\rendering\../Utils/Math/MathDef.h(35): warning C4244: “参数”: 从“double”转换到“float”，可能丢失数据
d:\program\icedogengine\icedogengine\rendering\../Utils/Math/MathDef.h(38): warning C4244: “参数”: 从“double”转换到“float”，可能丢失数据
d:\program\icedogengine\icedogengine\rendering\../Utils/Math/MathDef.h(102): warning C4814: “IceDogUtils::Vector<T,vecSize>::Length”: 在 C++14 中，"constexpr" 将不表示“常量”；请考虑显式指定“常量”
  d:\program\icedogengine\icedogengine\rendering\../Utils/Math/MathDef.h(112): note: 参见对正在编译的类 模板 实例化“IceDogUtils::Vector<T,vecSize>”的引用
d:\program\icedogengine\icedogengine\rendering\PDRenderingDef.h(95): warning C4305: “参数”: 从“double”到“float”截断
d:\program\icedogengine\icedogengine\rendering\PDRenderingDef.h(102): warning C4305: “参数”: 从“double”到“float”截断
d:\program\icedogengine\icedogengine\rendering\PDRenderingDef.h(122): warning C4305: “参数”: 从“double”到“float”截断
d:\program\icedogengine\icedogengine\rendering\PDRenderingDef.h(140): warning C4305: “参数”: 从“double”到“float”截断
d:\program\icedogengine\icedogengine\rendering\PDRenderingDef.h(141): warning C4305: “参数”: 从“double”到“float”截断
d:\program\icedogengine\icedogengine\rendering\PDRenderingDef.h(142): warning C4305: “参数”: 从“double”到“float”截断
d:\program\icedogengine\icedogengine\rendering\PDRenderingDef.h(143): warning C4305: “参数”: 从“double”到“float”截断
  Actor.cpp
d:\program\icedogengine\icedogengine\core\../Utils/Math/MathDef.h(34): warning C4244: “参数”: 从“double”转换到“float”，可能丢失数据
d:\program\icedogengine\icedogengine\core\../Utils/Math/MathDef.h(35): warning C4244: “参数”: 从“double”转换到“float”，可能丢失数据
d:\program\icedogengine\icedogengine\core\../Utils/Math/MathDef.h(38): warning C4244: “参数”: 从“double”转换到“float”，可能丢失数据
d:\program\icedogengine\icedogengine\core\../Utils/Math/MathDef.h(102): warning C4814: “IceDogUtils::Vector<T,vecSize>::Length”: 在 C++14 中，"constexpr" 将不表示“常量”；请考虑显式指定“常量”
  d:\program\icedogengine\icedogengine\core\../Utils/Math/MathDef.h(112): note: 参见对正在编译的类 模板 实例化“IceDogUtils::Vector<T,vecSize>”的引用
d:\program\icedogengine\icedogengine\core\../Rendering/PDRenderingDef.h(95): warning C4305: “参数”: 从“double”到“float”截断
d:\program\icedogengine\icedogengine\core\../Rendering/PDRenderingDef.h(102): warning C4305: “参数”: 从“double”到“float”截断
d:\program\icedogengine\icedogengine\core\../Rendering/PDRenderingDef.h(122): warning C4305: “参数”: 从“double”到“float”截断
d:\program\icedogengine\icedogengine\core\../Rendering/PDRenderingDef.h(140): warning C4305: “参数”: 从“double”到“float”截断
d:\program\icedogengine\icedogengine\core\../Rendering/PDRenderingDef.h(141): warning C4305: “参数”: 从“double”到“float”截断
d:\program\icedogengine\icedogengine\core\../Rendering/PDRenderingDef.h(142): warning C4305: “参数”: 从“double”到“float”截断
d:\program\icedogengine\icedogengine\core\../Rendering/PDRenderingDef.h(143): warning C4305: “参数”: 从“double”到“float”截断
d:\program\icedogengine\icedogengine\rendering\LightingGroup.h(35): warning C4814: “IceDogRendering::LightingGroup<perLightCount>::GetPerLightCount”: 在 C++14 中，"constexpr" 将不表示“常量”；请考虑显式指定“常量”
  d:\program\icedogengine\icedogengine\rendering\LightingGroup.h(123): note: 参见对正在编译的类 模板 实例化“IceDogRendering::LightingGroup<perLightCount>”的引用
d:\program\icedogengine\icedogengine\rendering\LightingGroup.h(35): warning C4814: “IceDogRendering::LightingGroup<1>::GetPerLightCount”: 在 C++14 中，"constexpr" 将不表示“常量”；请考虑显式指定“常量”
  d:\program\icedogengine\icedogengine\rendering\RenderingPipe.h(56): note: 参见对正在编译的类 模板 实例化“IceDogRendering::LightingGroup<1>”的引用
d:\program\icedogengine\icedogengine\rendering\RenderingPipe.h(49): warning C4244: “参数”: 从“const float”转换到“int”，可能丢失数据
  EngineCore.cpp
Core\EngineCore.cpp(88): warning C4244: “=”: 从“int”转换到“float”，可能丢失数据
Core\EngineCore.cpp(107): warning C4244: “参数”: 从“double”转换到“float”，可能丢失数据
  Engine.cpp
d:\program\icedogengine\icedogengine\rendering\../Utils/Math/MathDef.h(34): warning C4244: “参数”: 从“double”转换到“float”，可能丢失数据
d:\program\icedogengine\icedogengine\rendering\../Utils/Math/MathDef.h(35): warning C4244: “参数”: 从“double”转换到“float”，可能丢失数据
d:\program\icedogengine\icedogengine\rendering\../Utils/Math/MathDef.h(38): warning C4244: “参数”: 从“double”转换到“float”，可能丢失数据
d:\program\icedogengine\icedogengine\rendering\../Utils/Math/MathDef.h(102): warning C4814: “IceDogUtils::Vector<T,vecSize>::Length”: 在 C++14 中，"constexpr" 将不表示“常量”；请考虑显式指定“常量”
  d:\program\icedogengine\icedogengine\rendering\../Utils/Math/MathDef.h(112): note: 参见对正在编译的类 模板 实例化“IceDogUtils::Vector<T,vecSize>”的引用
d:\program\icedogengine\icedogengine\rendering\PDRenderingDef.h(95): warning C4305: “参数”: 从“double”到“float”截断
d:\program\icedogengine\icedogengine\rendering\PDRenderingDef.h(102): warning C4305: “参数”: 从“double”到“float”截断
d:\program\icedogengine\icedogengine\rendering\PDRenderingDef.h(122): warning C4305: “参数”: 从“double”到“float”截断
d:\program\icedogengine\icedogengine\rendering\PDRenderingDef.h(140): warning C4305: “参数”: 从“double”到“float”截断
d:\program\icedogengine\icedogengine\rendering\PDRenderingDef.h(141): warning C4305: “参数”: 从“double”到“float”截断
d:\program\icedogengine\icedogengine\rendering\PDRenderingDef.h(142): warning C4305: “参数”: 从“double”到“float”截断
d:\program\icedogengine\icedogengine\rendering\PDRenderingDef.h(143): warning C4305: “参数”: 从“double”到“float”截断
d:\program\icedogengine\icedogengine\rendering\LightingGroup.h(35): warning C4814: “IceDogRendering::LightingGroup<perLightCount>::GetPerLightCount”: 在 C++14 中，"constexpr" 将不表示“常量”；请考虑显式指定“常量”
  d:\program\icedogengine\icedogengine\rendering\LightingGroup.h(123): note: 参见对正在编译的类 模板 实例化“IceDogRendering::LightingGroup<perLightCount>”的引用
d:\program\icedogengine\icedogengine\rendering\LightingGroup.h(35): warning C4814: “IceDogRendering::LightingGroup<1>::GetPerLightCount”: 在 C++14 中，"constexpr" 将不表示“常量”；请考虑显式指定“常量”
  d:\program\icedogengine\icedogengine\rendering\RenderingPipe.h(56): note: 参见对正在编译的类 模板 实例化“IceDogRendering::LightingGroup<1>”的引用
d:\program\icedogengine\icedogengine\rendering\RenderingPipe.h(49): warning C4244: “参数”: 从“const float”转换到“int”，可能丢失数据
Engine\Engine.cpp(131): warning C4244: “初始化”: 从“double”转换到“float”，可能丢失数据
Engine\Engine.cpp(132): warning C4244: “初始化”: 从“double”转换到“float”，可能丢失数据
Engine\Engine.cpp(133): warning C4244: “初始化”: 从“double”转换到“float”，可能丢失数据
d:\program\icedogengine\icedogengine\utils\common\../../ThirdParty/rapidxml/rapidxml_utils.hpp(40): warning C4244: “初始化”: 从“std::streamoff”转换到“size_t”，可能丢失数据
  d:\program\icedogengine\icedogengine\utils\common\../../ThirdParty/rapidxml/rapidxml_utils.hpp(28): note: 编译类 模板 成员函数“rapidxml::file<char>::file(const char *)”时
  Engine\Engine.cpp(117): note: 参见对正在编译的函数 模板 实例化“rapidxml::file<char>::file(const char *)”的引用
  Engine\Engine.cpp(117): note: 参见对正在编译的类 模板 实例化“rapidxml::file<char>”的引用
  Level.cpp
d:\program\icedogengine\icedogengine\rendering\../Utils/Math/MathDef.h(34): warning C4244: “参数”: 从“double”转换到“float”，可能丢失数据
d:\program\icedogengine\icedogengine\rendering\../Utils/Math/MathDef.h(35): warning C4244: “参数”: 从“double”转换到“float”，可能丢失数据
d:\program\icedogengine\icedogengine\rendering\../Utils/Math/MathDef.h(38): warning C4244: “参数”: 从“double”转换到“float”，可能丢失数据
d:\program\icedogengine\icedogengine\rendering\../Utils/Math/MathDef.h(102): warning C4814: “IceDogUtils::Vector<T,vecSize>::Length”: 在 C++14 中，"constexpr" 将不表示“常量”；请考虑显式指定“常量”
  d:\program\icedogengine\icedogengine\rendering\../Utils/Math/MathDef.h(112): note: 参见对正在编译的类 模板 实例化“IceDogUtils::Vector<T,vecSize>”的引用
d:\program\icedogengine\icedogengine\rendering\PDRenderingDef.h(95): warning C4305: “参数”: 从“double”到“float”截断
d:\program\icedogengine\icedogengine\rendering\PDRenderingDef.h(102): warning C4305: “参数”: 从“double”到“float”截断
d:\program\icedogengine\icedogengine\rendering\PDRenderingDef.h(122): warning C4305: “参数”: 从“double”到“float”截断
d:\program\icedogengine\icedogengine\rendering\PDRenderingDef.h(140): warning C4305: “参数”: 从“double”到“float”截断
d:\program\icedogengine\icedogengine\rendering\PDRenderingDef.h(141): warning C4305: “参数”: 从“double”到“float”截断
d:\program\icedogengine\icedogengine\rendering\PDRenderingDef.h(142): warning C4305: “参数”: 从“double”到“float”截断
d:\program\icedogengine\icedogengine\rendering\PDRenderingDef.h(143): warning C4305: “参数”: 从“double”到“float”截断
d:\program\icedogengine\icedogengine\rendering\LightingGroup.h(35): warning C4814: “IceDogRendering::LightingGroup<perLightCount>::GetPerLightCount”: 在 C++14 中，"constexpr" 将不表示“常量”；请考虑显式指定“常量”
  d:\program\icedogengine\icedogengine\rendering\LightingGroup.h(123): note: 参见对正在编译的类 模板 实例化“IceDogRendering::LightingGroup<perLightCount>”的引用
d:\program\icedogengine\icedogengine\rendering\LightingGroup.h(35): warning C4814: “IceDogRendering::LightingGroup<1>::GetPerLightCount”: 在 C++14 中，"constexpr" 将不表示“常量”；请考虑显式指定“常量”
  d:\program\icedogengine\icedogengine\rendering\RenderingPipe.h(56): note: 参见对正在编译的类 模板 实例化“IceDogRendering::LightingGroup<1>”的引用
d:\program\icedogengine\icedogengine\rendering\RenderingPipe.h(49): warning C4244: “参数”: 从“const float”转换到“int”，可能丢失数据
  EventComponent.cpp
d:\program\icedogengine\icedogengine\rendering\../Utils/Math/MathDef.h(34): warning C4244: “参数”: 从“double”转换到“float”，可能丢失数据
d:\program\icedogengine\icedogengine\rendering\../Utils/Math/MathDef.h(35): warning C4244: “参数”: 从“double”转换到“float”，可能丢失数据
d:\program\icedogengine\icedogengine\rendering\../Utils/Math/MathDef.h(38): warning C4244: “参数”: 从“double”转换到“float”，可能丢失数据
d:\program\icedogengine\icedogengine\rendering\../Utils/Math/MathDef.h(102): warning C4814: “IceDogUtils::Vector<T,vecSize>::Length”: 在 C++14 中，"constexpr" 将不表示“常量”；请考虑显式指定“常量”
  d:\program\icedogengine\icedogengine\rendering\../Utils/Math/MathDef.h(112): note: 参见对正在编译的类 模板 实例化“IceDogUtils::Vector<T,vecSize>”的引用
d:\program\icedogengine\icedogengine\rendering\PDRenderingDef.h(95): warning C4305: “参数”: 从“double”到“float”截断
d:\program\icedogengine\icedogengine\rendering\PDRenderingDef.h(102): warning C4305: “参数”: 从“double”到“float”截断
d:\program\icedogengine\icedogengine\rendering\PDRenderingDef.h(122): warning C4305: “参数”: 从“double”到“float”截断
d:\program\icedogengine\icedogengine\rendering\PDRenderingDef.h(140): warning C4305: “参数”: 从“double”到“float”截断
d:\program\icedogengine\icedogengine\rendering\PDRenderingDef.h(141): warning C4305: “参数”: 从“double”到“float”截断
d:\program\icedogengine\icedogengine\rendering\PDRenderingDef.h(142): warning C4305: “参数”: 从“double”到“float”截断
d:\program\icedogengine\icedogengine\rendering\PDRenderingDef.h(143): warning C4305: “参数”: 从“double”到“float”截断
d:\program\icedogengine\icedogengine\rendering\LightingGroup.h(35): warning C4814: “IceDogRendering::LightingGroup<perLightCount>::GetPerLightCount”: 在 C++14 中，"constexpr" 将不表示“常量”；请考虑显式指定“常量”
  d:\program\icedogengine\icedogengine\rendering\LightingGroup.h(123): note: 参见对正在编译的类 模板 实例化“IceDogRendering::LightingGroup<perLightCount>”的引用
d:\program\icedogengine\icedogengine\rendering\LightingGroup.h(35): warning C4814: “IceDogRendering::LightingGroup<1>::GetPerLightCount”: 在 C++14 中，"constexpr" 将不表示“常量”；请考虑显式指定“常量”
  d:\program\icedogengine\icedogengine\rendering\RenderingPipe.h(56): note: 参见对正在编译的类 模板 实例化“IceDogRendering::LightingGroup<1>”的引用
d:\program\icedogengine\icedogengine\rendering\RenderingPipe.h(49): warning C4244: “参数”: 从“const float”转换到“int”，可能丢失数据
Engine\Gameplay\Components\EventComponent.cpp(66): warning C4244: “参数”: 从“const float”转换到“int”，可能丢失数据
Engine\Gameplay\Components\EventComponent.cpp(69): warning C4244: “参数”: 从“float”转换到“int”，可能丢失数据
  LogicData.cpp
  LogicAdapter.cpp
  Planet.cpp
d:\program\icedogengine\icedogengine\core\../Utils/Math/MathDef.h(34): warning C4244: “参数”: 从“double”转换到“float”，可能丢失数据
d:\program\icedogengine\icedogengine\core\../Utils/Math/MathDef.h(35): warning C4244: “参数”: 从“double”转换到“float”，可能丢失数据
d:\program\icedogengine\icedogengine\core\../Utils/Math/MathDef.h(38): warning C4244: “参数”: 从“double”转换到“float”，可能丢失数据
d:\program\icedogengine\icedogengine\core\../Utils/Math/MathDef.h(102): warning C4814: “IceDogUtils::Vector<T,vecSize>::Length”: 在 C++14 中，"constexpr" 将不表示“常量”；请考虑显式指定“常量”
  d:\program\icedogengine\icedogengine\core\../Utils/Math/MathDef.h(112): note: 参见对正在编译的类 模板 实例化“IceDogUtils::Vector<T,vecSize>”的引用
d:\program\icedogengine\icedogengine\core\../Rendering/PDRenderingDef.h(95): warning C4305: “参数”: 从“double”到“float”截断
d:\program\icedogengine\icedogengine\core\../Rendering/PDRenderingDef.h(102): warning C4305: “参数”: 从“double”到“float”截断
d:\program\icedogengine\icedogengine\core\../Rendering/PDRenderingDef.h(122): warning C4305: “参数”: 从“double”到“float”截断
d:\program\icedogengine\icedogengine\core\../Rendering/PDRenderingDef.h(140): warning C4305: “参数”: 从“double”到“float”截断
d:\program\icedogengine\icedogengine\core\../Rendering/PDRenderingDef.h(141): warning C4305: “参数”: 从“double”到“float”截断
d:\program\icedogengine\icedogengine\core\../Rendering/PDRenderingDef.h(142): warning C4305: “参数”: 从“double”到“float”截断
d:\program\icedogengine\icedogengine\core\../Rendering/PDRenderingDef.h(143): warning C4305: “参数”: 从“double”到“float”截断
  MessageProc.cpp
d:\program\icedogengine\icedogengine\rendering\../Utils/Math/MathDef.h(34): warning C4244: “参数”: 从“double”转换到“float”，可能丢失数据
d:\program\icedogengine\icedogengine\rendering\../Utils/Math/MathDef.h(35): warning C4244: “参数”: 从“double”转换到“float”，可能丢失数据
d:\program\icedogengine\icedogengine\rendering\../Utils/Math/MathDef.h(38): warning C4244: “参数”: 从“double”转换到“float”，可能丢失数据
d:\program\icedogengine\icedogengine\rendering\../Utils/Math/MathDef.h(102): warning C4814: “IceDogUtils::Vector<T,vecSize>::Length”: 在 C++14 中，"constexpr" 将不表示“常量”；请考虑显式指定“常量”
  d:\program\icedogengine\icedogengine\rendering\../Utils/Math/MathDef.h(112): note: 参见对正在编译的类 模板 实例化“IceDogUtils::Vector<T,vecSize>”的引用
d:\program\icedogengine\icedogengine\rendering\PDRenderingDef.h(95): warning C4305: “参数”: 从“double”到“float”截断
d:\program\icedogengine\icedogengine\rendering\PDRenderingDef.h(102): warning C4305: “参数”: 从“double”到“float”截断
d:\program\icedogengine\icedogengine\rendering\PDRenderingDef.h(122): warning C4305: “参数”: 从“double”到“float”截断
d:\program\icedogengine\icedogengine\rendering\PDRenderingDef.h(140): warning C4305: “参数”: 从“double”到“float”截断
d:\program\icedogengine\icedogengine\rendering\PDRenderingDef.h(141): warning C4305: “参数”: 从“double”到“float”截断
d:\program\icedogengine\icedogengine\rendering\PDRenderingDef.h(142): warning C4305: “参数”: 从“double”到“float”截断
d:\program\icedogengine\icedogengine\rendering\PDRenderingDef.h(143): warning C4305: “参数”: 从“double”到“float”截断
d:\program\icedogengine\icedogengine\rendering\LightingGroup.h(35): warning C4814: “IceDogRendering::LightingGroup<perLightCount>::GetPerLightCount”: 在 C++14 中，"constexpr" 将不表示“常量”；请考虑显式指定“常量”
  d:\program\icedogengine\icedogengine\rendering\LightingGroup.h(123): note: 参见对正在编译的类 模板 实例化“IceDogRendering::LightingGroup<perLightCount>”的引用
d:\program\icedogengine\icedogengine\rendering\LightingGroup.h(35): warning C4814: “IceDogRendering::LightingGroup<1>::GetPerLightCount”: 在 C++14 中，"constexpr" 将不表示“常量”；请考虑显式指定“常量”
  d:\program\icedogengine\icedogengine\rendering\RenderingPipe.h(56): note: 参见对正在编译的类 模板 实例化“IceDogRendering::LightingGroup<1>”的引用
d:\program\icedogengine\icedogengine\rendering\RenderingPipe.h(49): warning C4244: “参数”: 从“const float”转换到“int”，可能丢失数据
  MyActor.cpp
d:\program\icedogengine\icedogengine\core\../Utils/Math/MathDef.h(34): warning C4244: “参数”: 从“double”转换到“float”，可能丢失数据
d:\program\icedogengine\icedogengine\core\../Utils/Math/MathDef.h(35): warning C4244: “参数”: 从“double”转换到“float”，可能丢失数据
d:\program\icedogengine\icedogengine\core\../Utils/Math/MathDef.h(38): warning C4244: “参数”: 从“double”转换到“float”，可能丢失数据
d:\program\icedogengine\icedogengine\core\../Utils/Math/MathDef.h(102): warning C4814: “IceDogUtils::Vector<T,vecSize>::Length”: 在 C++14 中，"constexpr" 将不表示“常量”；请考虑显式指定“常量”
  d:\program\icedogengine\icedogengine\core\../Utils/Math/MathDef.h(112): note: 参见对正在编译的类 模板 实例化“IceDogUtils::Vector<T,vecSize>”的引用
d:\program\icedogengine\icedogengine\core\../Rendering/PDRenderingDef.h(95): warning C4305: “参数”: 从“double”到“float”截断
d:\program\icedogengine\icedogengine\core\../Rendering/PDRenderingDef.h(102): warning C4305: “参数”: 从“double”到“float”截断
d:\program\icedogengine\icedogengine\core\../Rendering/PDRenderingDef.h(122): warning C4305: “参数”: 从“double”到“float”截断
d:\program\icedogengine\icedogengine\core\../Rendering/PDRenderingDef.h(140): warning C4305: “参数”: 从“double”到“float”截断
d:\program\icedogengine\icedogengine\core\../Rendering/PDRenderingDef.h(141): warning C4305: “参数”: 从“double”到“float”截断
d:\program\icedogengine\icedogengine\core\../Rendering/PDRenderingDef.h(142): warning C4305: “参数”: 从“double”到“float”截断
d:\program\icedogengine\icedogengine\core\../Rendering/PDRenderingDef.h(143): warning C4305: “参数”: 从“double”到“float”截断
d:\program\icedogengine\icedogengine\rendering\LightingGroup.h(35): warning C4814: “IceDogRendering::LightingGroup<perLightCount>::GetPerLightCount”: 在 C++14 中，"constexpr" 将不表示“常量”；请考虑显式指定“常量”
  d:\program\icedogengine\icedogengine\rendering\LightingGroup.h(123): note: 参见对正在编译的类 模板 实例化“IceDogRendering::LightingGroup<perLightCount>”的引用
d:\program\icedogengine\icedogengine\rendering\LightingGroup.h(35): warning C4814: “IceDogRendering::LightingGroup<1>::GetPerLightCount”: 在 C++14 中，"constexpr" 将不表示“常量”；请考虑显式指定“常量”
  d:\program\icedogengine\icedogengine\rendering\RenderingPipe.h(56): note: 参见对正在编译的类 模板 实例化“IceDogRendering::LightingGroup<1>”的引用
d:\program\icedogengine\icedogengine\rendering\RenderingPipe.h(49): warning C4244: “参数”: 从“const float”转换到“int”，可能丢失数据
Source\MyActor.cpp(39): warning C4244: “参数”: 从“int”转换到“float”，可能丢失数据
Source\MyActor.cpp(52): warning C4305: “参数”: 从“double”到“float”截断
Source\MyActor.cpp(68): warning C4244: “初始化”: 从“double”转换到“float”，可能丢失数据
  DynamicRenderData.cpp
d:\program\icedogengine\icedogengine\rendering\../Utils/Math/MathDef.h(34): warning C4244: “参数”: 从“double”转换到“float”，可能丢失数据
d:\program\icedogengine\icedogengine\rendering\../Utils/Math/MathDef.h(35): warning C4244: “参数”: 从“double”转换到“float”，可能丢失数据
d:\program\icedogengine\icedogengine\rendering\../Utils/Math/MathDef.h(38): warning C4244: “参数”: 从“double”转换到“float”，可能丢失数据
d:\program\icedogengine\icedogengine\rendering\../Utils/Math/MathDef.h(102): warning C4814: “IceDogUtils::Vector<T,vecSize>::Length”: 在 C++14 中，"constexpr" 将不表示“常量”；请考虑显式指定“常量”
  d:\program\icedogengine\icedogengine\rendering\../Utils/Math/MathDef.h(112): note: 参见对正在编译的类 模板 实例化“IceDogUtils::Vector<T,vecSize>”的引用
d:\program\icedogengine\icedogengine\rendering\PDRenderingDef.h(95): warning C4305: “参数”: 从“double”到“float”截断
d:\program\icedogengine\icedogengine\rendering\PDRenderingDef.h(102): warning C4305: “参数”: 从“double”到“float”截断
d:\program\icedogengine\icedogengine\rendering\PDRenderingDef.h(122): warning C4305: “参数”: 从“double”到“float”截断
d:\program\icedogengine\icedogengine\rendering\PDRenderingDef.h(140): warning C4305: “参数”: 从“double”到“float”截断
d:\program\icedogengine\icedogengine\rendering\PDRenderingDef.h(141): warning C4305: “参数”: 从“double”到“float”截断
d:\program\icedogengine\icedogengine\rendering\PDRenderingDef.h(142): warning C4305: “参数”: 从“double”到“float”截断
d:\program\icedogengine\icedogengine\rendering\PDRenderingDef.h(143): warning C4305: “参数”: 从“double”到“float”截断
  正在编译...
  GeometryGenerator.cpp
d:\program\icedogengine\icedogengine\rendering\../Utils/Math/MathDef.h(34): warning C4244: “参数”: 从“double”转换到“float”，可能丢失数据
d:\program\icedogengine\icedogengine\rendering\../Utils/Math/MathDef.h(35): warning C4244: “参数”: 从“double”转换到“float”，可能丢失数据
d:\program\icedogengine\icedogengine\rendering\../Utils/Math/MathDef.h(38): warning C4244: “参数”: 从“double”转换到“float”，可能丢失数据
d:\program\icedogengine\icedogengine\rendering\../Utils/Math/MathDef.h(102): warning C4814: “IceDogUtils::Vector<T,vecSize>::Length”: 在 C++14 中，"constexpr" 将不表示“常量”；请考虑显式指定“常量”
  d:\program\icedogengine\icedogengine\rendering\../Utils/Math/MathDef.h(112): note: 参见对正在编译的类 模板 实例化“IceDogUtils::Vector<T,vecSize>”的引用
d:\program\icedogengine\icedogengine\resources\geometry\../../Rendering/PDRenderingDef.h(95): warning C4305: “参数”: 从“double”到“float”截断
d:\program\icedogengine\icedogengine\resources\geometry\../../Rendering/PDRenderingDef.h(102): warning C4305: “参数”: 从“double”到“float”截断
d:\program\icedogengine\icedogengine\resources\geometry\../../Rendering/PDRenderingDef.h(122): warning C4305: “参数”: 从“double”到“float”截断
d:\program\icedogengine\icedogengine\resources\geometry\../../Rendering/PDRenderingDef.h(140): warning C4305: “参数”: 从“double”到“float”截断
d:\program\icedogengine\icedogengine\resources\geometry\../../Rendering/PDRenderingDef.h(141): warning C4305: “参数”: 从“double”到“float”截断
d:\program\icedogengine\icedogengine\resources\geometry\../../Rendering/PDRenderingDef.h(142): warning C4305: “参数”: 从“double”到“float”截断
d:\program\icedogengine\icedogengine\resources\geometry\../../Rendering/PDRenderingDef.h(143): warning C4305: “参数”: 从“double”到“float”截断
Resources\Geometry\GeometryGenerator.cpp(112): warning C4018: “<”: 有符号/无符号不匹配
Resources\Geometry\GeometryGenerator.cpp(114): warning C4018: “<”: 有符号/无符号不匹配
Resources\Geometry\GeometryGenerator.cpp(208): warning C4018: “<”: 有符号/无符号不匹配
Resources\Geometry\GeometryGenerator.cpp(214): warning C4018: “<”: 有符号/无符号不匹配
Resources\Geometry\GeometryGenerator.cpp(230): warning C4018: “<”: 有符号/无符号不匹配
Resources\Geometry\GeometryGenerator.cpp(237): warning C4018: “<”: 有符号/无符号不匹配
Resources\Geometry\GeometryGenerator.cpp(291): warning C4018: “<”: 有符号/无符号不匹配
  StaticMeshComponent.cpp
d:\program\icedogengine\icedogengine\rendering\../Utils/Math/MathDef.h(34): warning C4244: “参数”: 从“double”转换到“float”，可能丢失数据
d:\program\icedogengine\icedogengine\rendering\../Utils/Math/MathDef.h(35): warning C4244: “参数”: 从“double”转换到“float”，可能丢失数据
d:\program\icedogengine\icedogengine\rendering\../Utils/Math/MathDef.h(38): warning C4244: “参数”: 从“double”转换到“float”，可能丢失数据
d:\program\icedogengine\icedogengine\rendering\../Utils/Math/MathDef.h(102): warning C4814: “IceDogUtils::Vector<T,vecSize>::Length”: 在 C++14 中，"constexpr" 将不表示“常量”；请考虑显式指定“常量”
  d:\program\icedogengine\icedogengine\rendering\../Utils/Math/MathDef.h(112): note: 参见对正在编译的类 模板 实例化“IceDogUtils::Vector<T,vecSize>”的引用
d:\program\icedogengine\icedogengine\rendering\PDRenderingDef.h(95): warning C4305: “参数”: 从“double”到“float”截断
d:\program\icedogengine\icedogengine\rendering\PDRenderingDef.h(102): warning C4305: “参数”: 从“double”到“float”截断
d:\program\icedogengine\icedogengine\rendering\PDRenderingDef.h(122): warning C4305: “参数”: 从“double”到“float”截断
d:\program\icedogengine\icedogengine\rendering\PDRenderingDef.h(140): warning C4305: “参数”: 从“double”到“float”截断
d:\program\icedogengine\icedogengine\rendering\PDRenderingDef.h(141): warning C4305: “参数”: 从“double”到“float”截断
d:\program\icedogengine\icedogengine\rendering\PDRenderingDef.h(142): warning C4305: “参数”: 从“double”到“float”截断
d:\program\icedogengine\icedogengine\rendering\PDRenderingDef.h(143): warning C4305: “参数”: 从“double”到“float”截断
d:\program\icedogengine\icedogengine\rendering\LightingGroup.h(35): warning C4814: “IceDogRendering::LightingGroup<perLightCount>::GetPerLightCount”: 在 C++14 中，"constexpr" 将不表示“常量”；请考虑显式指定“常量”
  d:\program\icedogengine\icedogengine\rendering\LightingGroup.h(123): note: 参见对正在编译的类 模板 实例化“IceDogRendering::LightingGroup<perLightCount>”的引用
d:\program\icedogengine\icedogengine\rendering\LightingGroup.h(35): warning C4814: “IceDogRendering::LightingGroup<1>::GetPerLightCount”: 在 C++14 中，"constexpr" 将不表示“常量”；请考虑显式指定“常量”
  d:\program\icedogengine\icedogengine\rendering\RenderingPipe.h(56): note: 参见对正在编译的类 模板 实例化“IceDogRendering::LightingGroup<1>”的引用
d:\program\icedogengine\icedogengine\rendering\RenderingPipe.h(49): warning C4244: “参数”: 从“const float”转换到“int”，可能丢失数据
  DDSTextureLoader.cpp
  UtilBasic.cpp
  MathHelper.cpp
d:\program\icedogengine\icedogengine\rendering\../Utils/Math/MathDef.h(34): warning C4244: “参数”: 从“double”转换到“float”，可能丢失数据
d:\program\icedogengine\icedogengine\rendering\../Utils/Math/MathDef.h(35): warning C4244: “参数”: 从“double”转换到“float”，可能丢失数据
d:\program\icedogengine\icedogengine\rendering\../Utils/Math/MathDef.h(38): warning C4244: “参数”: 从“double”转换到“float”，可能丢失数据
d:\program\icedogengine\icedogengine\rendering\../Utils/Math/MathDef.h(102): warning C4814: “IceDogUtils::Vector<T,vecSize>::Length”: 在 C++14 中，"constexpr" 将不表示“常量”；请考虑显式指定“常量”
  d:\program\icedogengine\icedogengine\rendering\../Utils/Math/MathDef.h(112): note: 参见对正在编译的类 模板 实例化“IceDogUtils::Vector<T,vecSize>”的引用
d:\program\icedogengine\icedogengine\utils\math\../../Rendering/PDRenderingDef.h(95): warning C4305: “参数”: 从“double”到“float”截断
d:\program\icedogengine\icedogengine\utils\math\../../Rendering/PDRenderingDef.h(102): warning C4305: “参数”: 从“double”到“float”截断
d:\program\icedogengine\icedogengine\utils\math\../../Rendering/PDRenderingDef.h(122): warning C4305: “参数”: 从“double”到“float”截断
d:\program\icedogengine\icedogengine\utils\math\../../Rendering/PDRenderingDef.h(140): warning C4305: “参数”: 从“double”到“float”截断
d:\program\icedogengine\icedogengine\utils\math\../../Rendering/PDRenderingDef.h(141): warning C4305: “参数”: 从“double”到“float”截断
d:\program\icedogengine\icedogengine\utils\math\../../Rendering/PDRenderingDef.h(142): warning C4305: “参数”: 从“double”到“float”截断
d:\program\icedogengine\icedogengine\utils\math\../../Rendering/PDRenderingDef.h(143): warning C4305: “参数”: 从“double”到“float”截断
Utils\Math\MathHelper.cpp(17): warning C4305: “+=”: 从“double”到“float”截断
Utils\Math\MathHelper.cpp(22): warning C4244: “=”: 从“double”转换到“float”，可能丢失数据
  PipeView.cpp
d:\program\icedogengine\icedogengine\rendering\../Utils/Math/MathDef.h(34): warning C4244: “参数”: 从“double”转换到“float”，可能丢失数据
d:\program\icedogengine\icedogengine\rendering\../Utils/Math/MathDef.h(35): warning C4244: “参数”: 从“double”转换到“float”，可能丢失数据
d:\program\icedogengine\icedogengine\rendering\../Utils/Math/MathDef.h(38): warning C4244: “参数”: 从“double”转换到“float”，可能丢失数据
d:\program\icedogengine\icedogengine\rendering\../Utils/Math/MathDef.h(102): warning C4814: “IceDogUtils::Vector<T,vecSize>::Length”: 在 C++14 中，"constexpr" 将不表示“常量”；请考虑显式指定“常量”
  d:\program\icedogengine\icedogengine\rendering\../Utils/Math/MathDef.h(112): note: 参见对正在编译的类 模板 实例化“IceDogUtils::Vector<T,vecSize>”的引用
d:\program\icedogengine\icedogengine\rendering\PDRenderingDef.h(95): warning C4305: “参数”: 从“double”到“float”截断
d:\program\icedogengine\icedogengine\rendering\PDRenderingDef.h(102): warning C4305: “参数”: 从“double”到“float”截断
d:\program\icedogengine\icedogengine\rendering\PDRenderingDef.h(122): warning C4305: “参数”: 从“double”到“float”截断
d:\program\icedogengine\icedogengine\rendering\PDRenderingDef.h(140): warning C4305: “参数”: 从“double”到“float”截断
d:\program\icedogengine\icedogengine\rendering\PDRenderingDef.h(141): warning C4305: “参数”: 从“double”到“float”截断
d:\program\icedogengine\icedogengine\rendering\PDRenderingDef.h(142): warning C4305: “参数”: 从“double”到“float”截断
d:\program\icedogengine\icedogengine\rendering\PDRenderingDef.h(143): warning C4305: “参数”: 从“double”到“float”截断
Rendering\PipeView.cpp(37): warning C4244: “参数”: 从“double”转换到“float”，可能丢失数据
Rendering\PipeView.cpp(49): warning C4305: “参数”: 从“double”到“float”截断
Rendering\PipeView.cpp(49): warning C4305: “初始化”: 从“double”到“float”截断
  RenderData.cpp
d:\program\icedogengine\icedogengine\rendering\../Utils/Math/MathDef.h(34): warning C4244: “参数”: 从“double”转换到“float”，可能丢失数据
d:\program\icedogengine\icedogengine\rendering\../Utils/Math/MathDef.h(35): warning C4244: “参数”: 从“double”转换到“float”，可能丢失数据
d:\program\icedogengine\icedogengine\rendering\../Utils/Math/MathDef.h(38): warning C4244: “参数”: 从“double”转换到“float”，可能丢失数据
d:\program\icedogengine\icedogengine\rendering\../Utils/Math/MathDef.h(102): warning C4814: “IceDogUtils::Vector<T,vecSize>::Length”: 在 C++14 中，"constexpr" 将不表示“常量”；请考虑显式指定“常量”
  d:\program\icedogengine\icedogengine\rendering\../Utils/Math/MathDef.h(112): note: 参见对正在编译的类 模板 实例化“IceDogUtils::Vector<T,vecSize>”的引用
d:\program\icedogengine\icedogengine\rendering\PDRenderingDef.h(95): warning C4305: “参数”: 从“double”到“float”截断
d:\program\icedogengine\icedogengine\rendering\PDRenderingDef.h(102): warning C4305: “参数”: 从“double”到“float”截断
d:\program\icedogengine\icedogengine\rendering\PDRenderingDef.h(122): warning C4305: “参数”: 从“double”到“float”截断
d:\program\icedogengine\icedogengine\rendering\PDRenderingDef.h(140): warning C4305: “参数”: 从“double”到“float”截断
d:\program\icedogengine\icedogengine\rendering\PDRenderingDef.h(141): warning C4305: “参数”: 从“double”到“float”截断
d:\program\icedogengine\icedogengine\rendering\PDRenderingDef.h(142): warning C4305: “参数”: 从“double”到“float”截断
d:\program\icedogengine\icedogengine\rendering\PDRenderingDef.h(143): warning C4305: “参数”: 从“double”到“float”截断
  DirectXRenderingPipe.cpp
d:\program\icedogengine\icedogengine\rendering\../Utils/Math/MathDef.h(34): warning C4244: “参数”: 从“double”转换到“float”，可能丢失数据
d:\program\icedogengine\icedogengine\rendering\../Utils/Math/MathDef.h(35): warning C4244: “参数”: 从“double”转换到“float”，可能丢失数据
d:\program\icedogengine\icedogengine\rendering\../Utils/Math/MathDef.h(38): warning C4244: “参数”: 从“double”转换到“float”，可能丢失数据
d:\program\icedogengine\icedogengine\rendering\../Utils/Math/MathDef.h(102): warning C4814: “IceDogUtils::Vector<T,vecSize>::Length”: 在 C++14 中，"constexpr" 将不表示“常量”；请考虑显式指定“常量”
  d:\program\icedogengine\icedogengine\rendering\../Utils/Math/MathDef.h(112): note: 参见对正在编译的类 模板 实例化“IceDogUtils::Vector<T,vecSize>”的引用
d:\program\icedogengine\icedogengine\rendering\PDRenderingDef.h(95): warning C4305: “参数”: 从“double”到“float”截断
d:\program\icedogengine\icedogengine\rendering\PDRenderingDef.h(102): warning C4305: “参数”: 从“double”到“float”截断
d:\program\icedogengine\icedogengine\rendering\PDRenderingDef.h(122): warning C4305: “参数”: 从“double”到“float”截断
d:\program\icedogengine\icedogengine\rendering\PDRenderingDef.h(140): warning C4305: “参数”: 从“double”到“float”截断
d:\program\icedogengine\icedogengine\rendering\PDRenderingDef.h(141): warning C4305: “参数”: 从“double”到“float”截断
d:\program\icedogengine\icedogengine\rendering\PDRenderingDef.h(142): warning C4305: “参数”: 从“double”到“float”截断
d:\program\icedogengine\icedogengine\rendering\PDRenderingDef.h(143): warning C4305: “参数”: 从“double”到“float”截断
d:\program\icedogengine\icedogengine\rendering\LightingGroup.h(35): warning C4814: “IceDogRendering::LightingGroup<perLightCount>::GetPerLightCount”: 在 C++14 中，"constexpr" 将不表示“常量”；请考虑显式指定“常量”
  d:\program\icedogengine\icedogengine\rendering\LightingGroup.h(123): note: 参见对正在编译的类 模板 实例化“IceDogRendering::LightingGroup<perLightCount>”的引用
d:\program\icedogengine\icedogengine\rendering\LightingGroup.h(35): warning C4814: “IceDogRendering::LightingGroup<1>::GetPerLightCount”: 在 C++14 中，"constexpr" 将不表示“常量”；请考虑显式指定“常量”
  d:\program\icedogengine\icedogengine\rendering\directx\../RenderingPipe.h(56): note: 参见对正在编译的类 模板 实例化“IceDogRendering::LightingGroup<1>”的引用
d:\program\icedogengine\icedogengine\rendering\directx\../RenderingPipe.h(49): warning C4244: “参数”: 从“const float”转换到“int”，可能丢失数据
Rendering\DirectX\DirectXRenderingPipe.cpp(76): warning C4244: “=”: 从“unsigned int”转换到“FLOAT”，可能丢失数据
Rendering\DirectX\DirectXRenderingPipe.cpp(77): warning C4244: “=”: 从“unsigned int”转换到“FLOAT”，可能丢失数据
  DirectXRenderingManager.cpp
d:\program\icedogengine\icedogengine\rendering\../Utils/Math/MathDef.h(34): warning C4244: “参数”: 从“double”转换到“float”，可能丢失数据
d:\program\icedogengine\icedogengine\rendering\../Utils/Math/MathDef.h(35): warning C4244: “参数”: 从“double”转换到“float”，可能丢失数据
d:\program\icedogengine\icedogengine\rendering\../Utils/Math/MathDef.h(38): warning C4244: “参数”: 从“double”转换到“float”，可能丢失数据
d:\program\icedogengine\icedogengine\rendering\../Utils/Math/MathDef.h(102): warning C4814: “IceDogUtils::Vector<T,vecSize>::Length”: 在 C++14 中，"constexpr" 将不表示“常量”；请考虑显式指定“常量”
  d:\program\icedogengine\icedogengine\rendering\../Utils/Math/MathDef.h(112): note: 参见对正在编译的类 模板 实例化“IceDogUtils::Vector<T,vecSize>”的引用
d:\program\icedogengine\icedogengine\rendering\PDRenderingDef.h(95): warning C4305: “参数”: 从“double”到“float”截断
d:\program\icedogengine\icedogengine\rendering\PDRenderingDef.h(102): warning C4305: “参数”: 从“double”到“float”截断
d:\program\icedogengine\icedogengine\rendering\PDRenderingDef.h(122): warning C4305: “参数”: 从“double”到“float”截断
d:\program\icedogengine\icedogengine\rendering\PDRenderingDef.h(140): warning C4305: “参数”: 从“double”到“float”截断
d:\program\icedogengine\icedogengine\rendering\PDRenderingDef.h(141): warning C4305: “参数”: 从“double”到“float”截断
d:\program\icedogengine\icedogengine\rendering\PDRenderingDef.h(142): warning C4305: “参数”: 从“double”到“float”截断
d:\program\icedogengine\icedogengine\rendering\PDRenderingDef.h(143): warning C4305: “参数”: 从“double”到“float”截断
d:\program\icedogengine\icedogengine\rendering\LightingGroup.h(35): warning C4814: “IceDogRendering::LightingGroup<perLightCount>::GetPerLightCount”: 在 C++14 中，"constexpr" 将不表示“常量”；请考虑显式指定“常量”
  d:\program\icedogengine\icedogengine\rendering\LightingGroup.h(123): note: 参见对正在编译的类 模板 实例化“IceDogRendering::LightingGroup<perLightCount>”的引用
d:\program\icedogengine\icedogengine\rendering\LightingGroup.h(35): warning C4814: “IceDogRendering::LightingGroup<1>::GetPerLightCount”: 在 C++14 中，"constexpr" 将不表示“常量”；请考虑显式指定“常量”
  d:\program\icedogengine\icedogengine\rendering\RenderingPipe.h(56): note: 参见对正在编译的类 模板 实例化“IceDogRendering::LightingGroup<1>”的引用
d:\program\icedogengine\icedogengine\rendering\RenderingPipe.h(49): warning C4244: “参数”: 从“const float”转换到“int”，可能丢失数据
  Platform.cpp
  RenderingAdapter.cpp
d:\program\icedogengine\icedogengine\rendering\../Utils/Math/MathDef.h(34): warning C4244: “参数”: 从“double”转换到“float”，可能丢失数据
d:\program\icedogengine\icedogengine\rendering\../Utils/Math/MathDef.h(35): warning C4244: “参数”: 从“double”转换到“float”，可能丢失数据
d:\program\icedogengine\icedogengine\rendering\../Utils/Math/MathDef.h(38): warning C4244: “参数”: 从“double”转换到“float”，可能丢失数据
d:\program\icedogengine\icedogengine\rendering\../Utils/Math/MathDef.h(102): warning C4814: “IceDogUtils::Vector<T,vecSize>::Length”: 在 C++14 中，"constexpr" 将不表示“常量”；请考虑显式指定“常量”
  d:\program\icedogengine\icedogengine\rendering\../Utils/Math/MathDef.h(112): note: 参见对正在编译的类 模板 实例化“IceDogUtils::Vector<T,vecSize>”的引用
d:\program\icedogengine\icedogengine\rendering\PDRenderingDef.h(95): warning C4305: “参数”: 从“double”到“float”截断
d:\program\icedogengine\icedogengine\rendering\PDRenderingDef.h(102): warning C4305: “参数”: 从“double”到“float”截断
d:\program\icedogengine\icedogengine\rendering\PDRenderingDef.h(122): warning C4305: “参数”: 从“double”到“float”截断
d:\program\icedogengine\icedogengine\rendering\PDRenderingDef.h(140): warning C4305: “参数”: 从“double”到“float”截断
d:\program\icedogengine\icedogengine\rendering\PDRenderingDef.h(141): warning C4305: “参数”: 从“double”到“float”截断
d:\program\icedogengine\icedogengine\rendering\PDRenderingDef.h(142): warning C4305: “参数”: 从“double”到“float”截断
d:\program\icedogengine\icedogengine\rendering\PDRenderingDef.h(143): warning C4305: “参数”: 从“double”到“float”截断
d:\program\icedogengine\icedogengine\rendering\LightingGroup.h(35): warning C4814: “IceDogRendering::LightingGroup<perLightCount>::GetPerLightCount”: 在 C++14 中，"constexpr" 将不表示“常量”；请考虑显式指定“常量”
  d:\program\icedogengine\icedogengine\rendering\LightingGroup.h(123): note: 参见对正在编译的类 模板 实例化“IceDogRendering::LightingGroup<perLightCount>”的引用
d:\program\icedogengine\icedogengine\rendering\LightingGroup.h(35): warning C4814: “IceDogRendering::LightingGroup<1>::GetPerLightCount”: 在 C++14 中，"constexpr" 将不表示“常量”；请考虑显式指定“常量”
  d:\program\icedogengine\icedogengine\rendering\RenderingPipe.h(56): note: 参见对正在编译的类 模板 实例化“IceDogRendering::LightingGroup<1>”的引用
d:\program\icedogengine\icedogengine\rendering\RenderingPipe.h(49): warning C4244: “参数”: 从“const float”转换到“int”，可能丢失数据
  testMain.cpp
d:\program\icedogengine\icedogengine\rendering\../Utils/Math/MathDef.h(34): warning C4244: “参数”: 从“double”转换到“float”，可能丢失数据
d:\program\icedogengine\icedogengine\rendering\../Utils/Math/MathDef.h(35): warning C4244: “参数”: 从“double”转换到“float”，可能丢失数据
d:\program\icedogengine\icedogengine\rendering\../Utils/Math/MathDef.h(38): warning C4244: “参数”: 从“double”转换到“float”，可能丢失数据
d:\program\icedogengine\icedogengine\rendering\../Utils/Math/MathDef.h(102): warning C4814: “IceDogUtils::Vector<T,vecSize>::Length”: 在 C++14 中，"constexpr" 将不表示“常量”；请考虑显式指定“常量”
  d:\program\icedogengine\icedogengine\rendering\../Utils/Math/MathDef.h(112): note: 参见对正在编译的类 模板 实例化“IceDogUtils::Vector<T,vecSize>”的引用
d:\program\icedogengine\icedogengine\rendering\PDRenderingDef.h(95): warning C4305: “参数”: 从“double”到“float”截断
d:\program\icedogengine\icedogengine\rendering\PDRenderingDef.h(102): warning C4305: “参数”: 从“double”到“float”截断
d:\program\icedogengine\icedogengine\rendering\PDRenderingDef.h(122): warning C4305: “参数”: 从“double”到“float”截断
d:\program\icedogengine\icedogengine\rendering\PDRenderingDef.h(140): warning C4305: “参数”: 从“double”到“float”截断
d:\program\icedogengine\icedogengine\rendering\PDRenderingDef.h(141): warning C4305: “参数”: 从“double”到“float”截断
d:\program\icedogengine\icedogengine\rendering\PDRenderingDef.h(142): warning C4305: “参数”: 从“double”到“float”截断
d:\program\icedogengine\icedogengine\rendering\PDRenderingDef.h(143): warning C4305: “参数”: 从“double”到“float”截断
d:\program\icedogengine\icedogengine\rendering\LightingGroup.h(35): warning C4814: “IceDogRendering::LightingGroup<perLightCount>::GetPerLightCount”: 在 C++14 中，"constexpr" 将不表示“常量”；请考虑显式指定“常量”
  d:\program\icedogengine\icedogengine\rendering\LightingGroup.h(123): note: 参见对正在编译的类 模板 实例化“IceDogRendering::LightingGroup<perLightCount>”的引用
d:\program\icedogengine\icedogengine\rendering\LightingGroup.h(35): warning C4814: “IceDogRendering::LightingGroup<1>::GetPerLightCount”: 在 C++14 中，"constexpr" 将不表示“常量”；请考虑显式指定“常量”
  d:\program\icedogengine\icedogengine\rendering\RenderingPipe.h(56): note: 参见对正在编译的类 模板 实例化“IceDogRendering::LightingGroup<1>”的引用
d:\program\icedogengine\icedogengine\rendering\RenderingPipe.h(49): warning C4244: “参数”: 从“const float”转换到“int”，可能丢失数据
  Timer.cpp
Core\Timer.cpp(37): warning C4244: “return”: 从“double”转换到“int”，可能丢失数据
  WindowsMessageHandle.cpp
  WindowsWindowHandle.cpp
  PerlinNoise.cpp
d:\program\icedogengine\icedogengine\utils\noise\../Math/MathDef.h(34): warning C4244: “参数”: 从“double”转换到“float”，可能丢失数据
d:\program\icedogengine\icedogengine\utils\noise\../Math/MathDef.h(35): warning C4244: “参数”: 从“double”转换到“float”，可能丢失数据
d:\program\icedogengine\icedogengine\utils\noise\../Math/MathDef.h(38): warning C4244: “参数”: 从“double”转换到“float”，可能丢失数据
d:\program\icedogengine\icedogengine\utils\noise\../Math/MathDef.h(102): warning C4814: “IceDogUtils::Vector<T,vecSize>::Length”: 在 C++14 中，"constexpr" 将不表示“常量”；请考虑显式指定“常量”
  d:\program\icedogengine\icedogengine\utils\noise\../Math/MathDef.h(112): note: 参见对正在编译的类 模板 实例化“IceDogUtils::Vector<T,vecSize>”的引用
Utils\Noise\PerlinNoise.cpp(28): warning C4244: “参数”: 从“double”转换到“float”，可能丢失数据
Utils\Noise\PerlinNoise.cpp(60): warning C4244: “初始化”: 从“double”转换到“int”，可能丢失数据
Utils\Noise\PerlinNoise.cpp(61): warning C4244: “初始化”: 从“double”转换到“int”，可能丢失数据
Utils\Noise\PerlinNoise.cpp(62): warning C4244: “初始化”: 从“double”转换到“int”，可能丢失数据
Utils\Noise\PerlinNoise.cpp(64): warning C4244: “参数”: 从“double”转换到“float”，可能丢失数据
Utils\Noise\PerlinNoise.cpp(66): warning C4244: “参数”: 从“int”转换到“float”，可能丢失数据
Utils\Noise\PerlinNoise.cpp(67): warning C4244: “参数”: 从“int”转换到“float”，可能丢失数据
Utils\Noise\PerlinNoise.cpp(68): warning C4244: “参数”: 从“int”转换到“float”，可能丢失数据
Utils\Noise\PerlinNoise.cpp(69): warning C4244: “参数”: 从“int”转换到“float”，可能丢失数据
Utils\Noise\PerlinNoise.cpp(71): warning C4244: “参数”: 从“int”转换到“float”，可能丢失数据
Utils\Noise\PerlinNoise.cpp(72): warning C4244: “参数”: 从“int”转换到“float”，可能丢失数据
Utils\Noise\PerlinNoise.cpp(73): warning C4244: “参数”: 从“int”转换到“float”，可能丢失数据
Utils\Noise\PerlinNoise.cpp(74): warning C4244: “参数”: 从“int”转换到“float”，可能丢失数据
  MarchingCubeLT.cpp
d:\program\icedogengine\icedogengine\rendering\../Utils/Math/MathDef.h(34): warning C4244: “参数”: 从“double”转换到“float”，可能丢失数据
d:\program\icedogengine\icedogengine\rendering\../Utils/Math/MathDef.h(35): warning C4244: “参数”: 从“double”转换到“float”，可能丢失数据
d:\program\icedogengine\icedogengine\rendering\../Utils/Math/MathDef.h(38): warning C4244: “参数”: 从“double”转换到“float”，可能丢失数据
d:\program\icedogengine\icedogengine\rendering\../Utils/Math/MathDef.h(102): warning C4814: “IceDogUtils::Vector<T,vecSize>::Length”: 在 C++14 中，"constexpr" 将不表示“常量”；请考虑显式指定“常量”
  d:\program\icedogengine\icedogengine\rendering\../Utils/Math/MathDef.h(112): note: 参见对正在编译的类 模板 实例化“IceDogUtils::Vector<T,vecSize>”的引用
d:\program\icedogengine\icedogengine\rendering\PDRenderingDef.h(95): warning C4305: “参数”: 从“double”到“float”截断
d:\program\icedogengine\icedogengine\rendering\PDRenderingDef.h(102): warning C4305: “参数”: 从“double”到“float”截断
d:\program\icedogengine\icedogengine\rendering\PDRenderingDef.h(122): warning C4305: “参数”: 从“double”到“float”截断
d:\program\icedogengine\icedogengine\rendering\PDRenderingDef.h(140): warning C4305: “参数”: 从“double”到“float”截断
d:\program\icedogengine\icedogengine\rendering\PDRenderingDef.h(141): warning C4305: “参数”: 从“double”到“float”截断
d:\program\icedogengine\icedogengine\rendering\PDRenderingDef.h(142): warning C4305: “参数”: 从“double”到“float”截断
d:\program\icedogengine\icedogengine\rendering\PDRenderingDef.h(143): warning C4305: “参数”: 从“double”到“float”截断
Utils\Voxel\MarchingCubeLT.cpp(37): warning C4244: “参数”: 从“int”转换到“float”，可能丢失数据
Utils\Voxel\MarchingCubeLT.cpp(40): warning C4244: “参数”: 从“int”转换到“float”，可能丢失数据
Utils\Voxel\MarchingCubeLT.cpp(43): warning C4244: “参数”: 从“int”转换到“float”，可能丢失数据
Utils\Voxel\MarchingCubeLT.cpp(46): warning C4244: “参数”: 从“int”转换到“float”，可能丢失数据
Utils\Voxel\MarchingCubeLT.cpp(49): warning C4244: “参数”: 从“int”转换到“float”，可能丢失数据
Utils\Voxel\MarchingCubeLT.cpp(52): warning C4244: “参数”: 从“int”转换到“float”，可能丢失数据
Utils\Voxel\MarchingCubeLT.cpp(55): warning C4244: “参数”: 从“int”转换到“float”，可能丢失数据
Utils\Voxel\MarchingCubeLT.cpp(58): warning C4244: “参数”: 从“int”转换到“float”，可能丢失数据
Utils\Voxel\MarchingCubeLT.cpp(61): warning C4244: “参数”: 从“int”转换到“float”，可能丢失数据
Utils\Voxel\MarchingCubeLT.cpp(64): warning C4244: “参数”: 从“int”转换到“float”，可能丢失数据
Utils\Voxel\MarchingCubeLT.cpp(67): warning C4244: “参数”: 从“int”转换到“float”，可能丢失数据
Utils\Voxel\MarchingCubeLT.cpp(70): warning C4244: “参数”: 从“int”转换到“float”，可能丢失数据
Utils\Voxel\MarchingCubeLT.cpp(90): warning C4018: “<”: 有符号/无符号不匹配
Utils\Voxel\MarchingCubeLT.cpp(96): warning C4018: “<”: 有符号/无符号不匹配
Utils\Voxel\MarchingCubeLT.cpp(117): warning C4244: “=”: 从“double”转换到“float”，可能丢失数据
Utils\Voxel\MarchingCubeLT.cpp(118): warning C4244: “=”: 从“double”转换到“float”，可能丢失数据
Utils\Voxel\MarchingCubeLT.cpp(119): warning C4244: “=”: 从“double”转换到“float”，可能丢失数据
DirectXTK.lib(Geometry.obj) : error LNK2038: 检测到“_ITERATOR_DEBUG_LEVEL”的不匹配项: 值“2”不匹配值“0”(MaterialData.obj 中)
DirectXTK.lib(Geometry.obj) : error LNK2038: 检测到“RuntimeLibrary”的不匹配项: 值“MDd_DynamicDebug”不匹配值“MD_DynamicRelease”(MaterialData.obj 中)
DirectXTK.lib(Geometry.obj) : warning LNK4075: 忽略“/EDITANDCONTINUE”(由于“/OPT:ICF”规范)
DirectXTK.lib(pch.obj) : error LNK2038: 检测到“_ITERATOR_DEBUG_LEVEL”的不匹配项: 值“2”不匹配值“0”(MaterialData.obj 中)
DirectXTK.lib(pch.obj) : error LNK2038: 检测到“RuntimeLibrary”的不匹配项: 值“MDd_DynamicDebug”不匹配值“MD_DynamicRelease”(MaterialData.obj 中)
LINK : warning LNK4098: 默认库“MSVCRTD”与其他库的使用冲突；请使用 /NODEFAULTLIB:library
DirectXRenderingManager.obj : error LNK2001: 无法解析的外部符号 _D3D11CreateDevice@40
DirectXTK.lib(Geometry.obj) : error LNK2001: 无法解析的外部符号 __imp___invalid_parameter
DirectXTK.lib(Geometry.obj) : error LNK2001: 无法解析的外部符号 __imp___CrtDbgReportW
D:\Program\IceDogEngine\Release\IceDogEngine.exe : fatal error LNK1120: 3 个无法解析的外部命令
