  DirectXDeferredPipe.cpp
d:\program\icedogengine\icedogengine\utils\math\mathdef.h(34): warning C4244: “参数”: 从“double”转换到“float”，可能丢失数据
d:\program\icedogengine\icedogengine\utils\math\mathdef.h(35): warning C4244: “参数”: 从“double”转换到“float”，可能丢失数据
d:\program\icedogengine\icedogengine\utils\math\mathdef.h(37): warning C4244: “参数”: 从“double”转换到“float”，可能丢失数据
d:\program\icedogengine\icedogengine\utils\math\mathdef.h(98): warning C4814: “IceDogUtils::Vector<T,vecSize>::Length”: 在 C++14 中，"constexpr" 将不表示“常量”；请考虑显式指定“常量”
  d:\program\icedogengine\icedogengine\utils\math\mathdef.h(108): note: 参见对正在编译的类 模板 实例化“IceDogUtils::Vector<T,vecSize>”的引用
d:\program\icedogengine\icedogengine\rendering\pdrenderingdef.h(97): warning C4305: “参数”: 从“double”到“float”截断
d:\program\icedogengine\icedogengine\rendering\pdrenderingdef.h(104): warning C4305: “参数”: 从“double”到“float”截断
d:\program\icedogengine\icedogengine\rendering\pdrenderingdef.h(124): warning C4305: “参数”: 从“double”到“float”截断
d:\program\icedogengine\icedogengine\rendering\pdrenderingdef.h(142): warning C4305: “参数”: 从“double”到“float”截断
d:\program\icedogengine\icedogengine\rendering\pdrenderingdef.h(143): warning C4305: “参数”: 从“double”到“float”截断
d:\program\icedogengine\icedogengine\rendering\pdrenderingdef.h(144): warning C4305: “参数”: 从“double”到“float”截断
d:\program\icedogengine\icedogengine\rendering\pdrenderingdef.h(145): warning C4305: “参数”: 从“double”到“float”截断
d:\program\icedogengine\icedogengine\rendering\lightinggroup.h(35): warning C4814: “IceDogRendering::LightingGroup<perLightCount>::GetPerLightCount”: 在 C++14 中，"constexpr" 将不表示“常量”；请考虑显式指定“常量”
  d:\program\icedogengine\icedogengine\rendering\lightinggroup.h(123): note: 参见对正在编译的类 模板 实例化“IceDogRendering::LightingGroup<perLightCount>”的引用
d:\program\icedogengine\icedogengine\rendering\lightinggroup.h(35): warning C4814: “IceDogRendering::LightingGroup<1>::GetPerLightCount”: 在 C++14 中，"constexpr" 将不表示“常量”；请考虑显式指定“常量”
  d:\program\icedogengine\icedogengine\rendering\renderingpipe.h(56): note: 参见对正在编译的类 模板 实例化“IceDogRendering::LightingGroup<1>”的引用
d:\program\icedogengine\icedogengine\rendering\renderingpipe.h(49): warning C4244: “参数”: 从“const float”转换到“int”，可能丢失数据
d:\program\icedogengine\icedogengine\rendering\directx\directxdeferredpipe.cpp(483): warning C4244: “=”: 从“unsigned int”转换到“FLOAT”，可能丢失数据
d:\program\icedogengine\icedogengine\rendering\directx\directxdeferredpipe.cpp(484): warning C4244: “=”: 从“unsigned int”转换到“FLOAT”，可能丢失数据
  IceDogEngine.vcxproj -> D:\Program\IceDogEngine\Debug\IceDogEngine.exe
  IceDogEngine.vcxproj -> D:\Program\IceDogEngine\Debug\IceDogEngine.pdb (Partial PDB)
