g:\d3d11\d3dtestfield\icedogengine\icedogengine\debug\vc140.pdb
g:\d3d11\d3dtestfield\icedogengine\icedogengine\debug\vc140.idb
g:\d3d11\d3dtestfield\icedogengine\icedogengine\debug\enginecore.obj
g:\d3d11\d3dtestfield\icedogengine\icedogengine\debug\dynamicrenderdata.obj
g:\d3d11\d3dtestfield\icedogengine\icedogengine\debug\geometrygenerator.obj
g:\d3d11\d3dtestfield\icedogengine\icedogengine\debug\mathhelper.obj
g:\d3d11\d3dtestfield\icedogengine\icedogengine\debug\pipeview.obj
g:\d3d11\d3dtestfield\icedogengine\icedogengine\debug\renderdata.obj
g:\d3d11\d3dtestfield\icedogengine\icedogengine\debug\directxrenderingpipe.obj
g:\d3d11\d3dtestfield\icedogengine\icedogengine\debug\directxrenderingmanager.obj
g:\d3d11\d3dtestfield\icedogengine\icedogengine\debug\platform.obj
g:\d3d11\d3dtestfield\icedogengine\icedogengine\debug\renderingadapter.obj
g:\d3d11\d3dtestfield\icedogengine\icedogengine\debug\testmain.obj
g:\d3d11\d3dtestfield\icedogengine\icedogengine\debug\timer.obj
g:\d3d11\d3dtestfield\icedogengine\icedogengine\debug\windowsmessagehandle.obj
g:\d3d11\d3dtestfield\icedogengine\icedogengine\debug\windowswindowhandle.obj
g:\d3d11\d3dtestfield\icedogengine\icedogengine\debug\logicadapter.obj
g:\d3d11\d3dtestfield\icedogengine\icedogengine\debug\logicdata.obj
g:\d3d11\d3dtestfield\icedogengine\icedogengine\debug\engine.obj
g:\d3d11\d3dtestfield\icedogengine\icedogengine\debug\actor.obj
g:\d3d11\d3dtestfield\icedogengine\icedogengine\debug\level.obj
g:\d3d11\d3dtestfield\icedogengine\icedogengine\debug\dynamicmeshcomponent.obj
g:\d3d11\d3dtestfield\icedogengine\icedogengine\debug\staticmeshcomponent.obj
g:\d3d11\d3dtestfield\icedogengine\icedogengine\debug\actorcomponent.obj
g:\d3d11\d3dtestfield\icedogengine\icedogengine\debug\myactor.obj
g:\d3d11\d3dtestfield\icedogengine\icedogengine\debug\component.obj
g:\d3d11\d3dtestfield\icedogengine\icedogengine\debug\cameracomponent.obj
g:\d3d11\d3dtestfield\icedogengine\icedogengine\debug\planet.obj
g:\d3d11\d3dtestfield\icedogengine\icedogengine\debug\camera.obj
g:\d3d11\d3dtestfield\icedogengine\icedogengine\debug\messageproc.obj
g:\d3d11\d3dtestfield\icedogengine\icedogengine\debug\eventcomponent.obj
g:\d3d11\d3dtestfield\icedogengine\icedogengine\debug\cha.obj
g:\d3d11\d3dtestfield\icedogengine\icedogengine\debug\directxdeferredpipe.obj
g:\d3d11\d3dtestfield\icedogengine\icedogengine\rendering\directx\fx\basic.fxo
g:\d3d11\d3dtestfield\icedogengine\icedogengine\rendering\directx\fx\deferred.fxo
g:\d3d11\d3dtestfield\icedogengine\debug\icedogengine.ilk
g:\d3d11\d3dtestfield\icedogengine\debug\icedogengine.exe
g:\d3d11\d3dtestfield\icedogengine\debug\icedogengine.pdb
g:\d3d11\d3dtestfield\icedogengine\icedogengine\debug\icedogengine.tlog\cl.command.1.tlog
g:\d3d11\d3dtestfield\icedogengine\icedogengine\debug\icedogengine.tlog\cl.read.1.tlog
g:\d3d11\d3dtestfield\icedogengine\icedogengine\debug\icedogengine.tlog\cl.write.1.tlog
g:\d3d11\d3dtestfield\icedogengine\icedogengine\debug\icedogengine.tlog\custombuild.command.1.tlog
g:\d3d11\d3dtestfield\icedogengine\icedogengine\debug\icedogengine.tlog\custombuild.read.1.tlog
g:\d3d11\d3dtestfield\icedogengine\icedogengine\debug\icedogengine.tlog\custombuild.write.1.tlog
g:\d3d11\d3dtestfield\icedogengine\icedogengine\debug\icedogengine.tlog\link.command.1.tlog
g:\d3d11\d3dtestfield\icedogengine\icedogengine\debug\icedogengine.tlog\link.read.1.tlog
g:\d3d11\d3dtestfield\icedogengine\icedogengine\debug\icedogengine.tlog\link.write.1.tlog
